2025-12-27 02:09:52
Array
(
    [tipo_mascota] => Gato
    [nombre_perro] => Array
        (
            [0] => 
        )

    [fecha_nacimiento_perro] => 
    [sexo_perro] => 
    [foto] => 
    [raza_perro] => 
    [grupo_perro] => 
    [seccion_perro] => 
    [pais_perro] => 
    [color_principal_del_perro] => 
    [color_secundario_del_perro] => 
    [tipo_de_pelo_del_perro] => 
    [patron_de_pelo] => 
    [senas_particulares] => 
    [tamano_perro] => 
    [convive_perro] => 
    [alimento_perro] => 
    [marca_alimento_perro] => 
    [veces_comida_perro] => 
    [tratamientos_del_perro] => 
    [tieneRUAC] => 
    [chip_del_perro] => 
    [numero_chip_perro] => 
    [tipo_chip_perro] => 
    [nombre_gato] => Array
        (
            [0] => chuho
        )

    [fecha_nacimiento_gato] => 2025-12-22
    [sexo_gato] => Hembra
    [foto_gato] => 
    [raza_del_gato] => 12
    [grupo_gato] => Desarrollado para apariencia salvaje
    [registro_principal_gato] => TICA / CFA / FIFe (varía)
    [tamano_gato] => Mediano
    [peso_gato] => 3 - 6 kg
    [tipopelaje_gato] => Corto
    [caracterfisicas_gato] => Cuerpo musculoso, aspecto 'salvaje'
    [color_principal_gato] => 
    [color_secundario_gato] => 
    [tipo_pelo_gato] => 
    [patron_pelo_gato] => 
    [convive_gato] => 
    [alimento_gato] => 
    [marca_alimento_gato] => 
    [veces_comida_gato] => 
    [tratamientos_gatito] => Esterilización
    [tiene_ruac_gato] => no
    [chip_del_gato] => No
    [numero_chip_gato] => 
    [tipo_chip_gato] => 
    [nombre_mascota] => 
    [fecha_nacimiento] => 
    [sexo] => 
    [especie_ave] => 
    [tamano_ave] => 
    [convive_ave] => 
    [alimento_ave] => 
    [marca_alimento_ave] => 
    [veces_comida_ave] => 
    [tratamientos_ave] => 
    [tipo_jaula_ave] => 
    [dimensiones_jaula_ave] => 
    [tipo_plumas_ave] => 
    [color_principal_ave] => 
    [color_secundario_ave] => 
    [chip_del_ave] => 
    [numero_chip_ave] => 
    [tipo_chip_ave] => 
    [tipo_reptil] => 
    [especie_lagarto] => 
    [tamano_lagarto] => 
    [clasificacion_lagarto] => 
    [estatus_lagarto] => 
    [requerimientos_ambientales_lagarto] => 
    [fuente_calor_lagarto] => 
    [tipo_terrario_lagarto] => 
    [dimensiones_terrario_lagarto] => 
    [dieta_lagarto] => 
    [marca_alimento_lagarto] => 
    [veces_comida_lagarto] => 
    [tratamientos_lagarto] => 
    [especie_serpiente] => 101
    [tamano_serpiente] => 
    [clasificacion_serpiente] => 
    [estatus_serpiente] => 
    [fuente_calor_serpiente] => 
    [tipo_terrario_serpiente] => Terrario de humedad media
    [alimentos_serpiente] => 
    [marca_alimento_serpiente] => 
    [veces_comida_serpiente] => 
    [tipo_tratamiento_serpiente] => 
    [dimensiones_terrario_serpiente] => 
    [especie_tortuga] => 201
    [tamano_tortuga] => 
    [clasificacion_tortuga] => 
    [estatus_tortuga] => 
    [fuente_calor_tortuga] => Lámpara de calor
    [veces_comida_tortuga] => 
    [tipo_terrario_tortuga] => 
    [dimensiones_terrario_tortuga] => 
)


2025-12-27 02:17:08
Array
(
    [tipo_mascota] => Gato
    [nombre_perro] => Array
        (
            [0] => 
        )

    [fecha_nacimiento_perro] => 
    [sexo_perro] => 
    [foto] => 
    [raza_perro] => 
    [grupo_perro] => 
    [seccion_perro] => 
    [pais_perro] => 
    [color_principal_del_perro] => 
    [color_secundario_del_perro] => 
    [tipo_de_pelo_del_perro] => 
    [patron_de_pelo] => 
    [senas_particulares] => 
    [tamano_perro] => 
    [convive_perro] => 
    [alimento_perro] => 
    [marca_alimento_perro] => 
    [veces_comida_perro] => 
    [tratamientos_del_perro] => 
    [tieneRUAC] => 
    [chip_del_perro] => 
    [numero_chip_perro] => 
    [tipo_chip_perro] => 
    [vacunas_gato] => Array
        (
            [0] => 16
        )

    [nombre_gato] => Array
        (
            [0] => SDFSDFSD
        )

    [fecha_nacimiento_gato] => 2025-12-17
    [sexo_gato] => Macho
    [foto_gato] => 
    [raza_del_gato] => 12
    [grupo_gato] => Desarrollado para apariencia salvaje
    [registro_principal_gato] => TICA / CFA / FIFe (varía)
    [tamano_gato] => Mediano
    [peso_gato] => 3 - 6 kg
    [tipopelaje_gato] => Corto
    [caracterfisicas_gato] => Cuerpo musculoso, aspecto 'salvaje'
    [color_principal_gato] => 
    [color_secundario_gato] => 
    [tipo_pelo_gato] => 
    [patron_pelo_gato] => 
    [convive_gato] => 
    [alimento_gato] => 
    [marca_alimento_gato] => 
    [veces_comida_gato] => 
    [tratamientos_gatito] => Ninguno adicional
    [tiene_ruac_gato] => no
    [chip_del_gato] => No
    [numero_chip_gato] => 
    [tipo_chip_gato] => 
    [nombre_mascota] => 
    [fecha_nacimiento] => 
    [sexo] => 
    [especie_ave] => 
    [tamano_ave] => 
    [convive_ave] => 
    [alimento_ave] => 
    [marca_alimento_ave] => 
    [veces_comida_ave] => 
    [tratamientos_ave] => 
    [tipo_jaula_ave] => 
    [dimensiones_jaula_ave] => 
    [tipo_plumas_ave] => 
    [color_principal_ave] => 
    [color_secundario_ave] => 
    [chip_del_ave] => 
    [numero_chip_ave] => 
    [tipo_chip_ave] => 
    [tipo_reptil] => 
    [especie_lagarto] => 
    [tamano_lagarto] => 
    [clasificacion_lagarto] => 
    [estatus_lagarto] => 
    [requerimientos_ambientales_lagarto] => 
    [fuente_calor_lagarto] => 
    [tipo_terrario_lagarto] => 
    [dimensiones_terrario_lagarto] => 
    [dieta_lagarto] => 
    [marca_alimento_lagarto] => 
    [veces_comida_lagarto] => 
    [tratamientos_lagarto] => 
    [especie_serpiente] => 101
    [tamano_serpiente] => 
    [clasificacion_serpiente] => 
    [estatus_serpiente] => 
    [fuente_calor_serpiente] => 
    [tipo_terrario_serpiente] => Terrario de humedad media
    [alimentos_serpiente] => 
    [marca_alimento_serpiente] => 
    [veces_comida_serpiente] => 
    [tipo_tratamiento_serpiente] => 
    [dimensiones_terrario_serpiente] => 
    [especie_tortuga] => 201
    [tamano_tortuga] => 
    [clasificacion_tortuga] => 
    [estatus_tortuga] => 
    [fuente_calor_tortuga] => Lámpara de calor
    [veces_comida_tortuga] => 
    [tipo_terrario_tortuga] => 
    [dimensiones_terrario_tortuga] => 
)


